2018-10-27 23:17:22 ERROR Hobby:69 - Wrong input format of hours 0 java.util.InputMismatchException
2018-10-27 23:17:27 ERROR Hobby:166 - Wrong input format of lazyMonths 0 java.util.InputMismatchException
2018-10-27 23:17:28 ERROR Hobby:184 - Wrong input format of friends false java.util.InputMismatchException
2018-10-27 23:17:30 ERROR Hobby:184 - Wrong input format of friends false java.util.InputMismatchException
2018-10-27 23:17:30 ERROR Hobby:85 - Wrong input format of day 0 java.util.InputMismatchException
2018-10-27 23:17:32 ERROR Hobby:69 - Wrong input format of hours 0 java.util.InputMismatchException
2018-10-27 23:17:33 ERROR Hobby:102 - Wrong input format of interval 0 java.util.InputMismatchException
2018-10-27 23:17:34 ERROR Hobby:166 - Wrong input format of lazyMonths 0 java.util.InputMismatchException
2018-10-27 23:17:35 ERROR Hobby:150 - Wrong input format of moneyEarn 0.0 java.util.InputMismatchException
2018-10-28 01:31:27 ERROR Hobby:67 - Wrong input format of hours 0 java.util.InputMismatchException
2018-10-28 01:31:27 ERROR Hobby:83 - Wrong input format of day 0 java.util.InputMismatchException
2018-10-28 01:31:27 ERROR Hobby:99 - Wrong input format of interval 0 java.util.InputMismatchException
2018-10-28 01:31:30 ERROR Hobby:179 - Wrong input format of friends false java.util.InputMismatchException
2018-10-29 09:07:00 ERROR Hobby:45 - Wrong input format of hours 0 java.util.InputMismatchException
2018-10-29 09:07:01 ERROR Hobby:61 - Wrong input format of day 0 java.util.InputMismatchException
2018-10-29 09:07:01 ERROR Hobby:77 - Wrong input format of interval 0 java.util.InputMismatchException
2018-10-29 09:07:03 ERROR Hobby:157 - Wrong input format of friends false java.util.InputMismatchException
2018-10-29 09:07:05 ERROR Hobby:77 - Wrong input format of interval 0 java.util.InputMismatchException: Value out of range. Value:"323" Radix:10
2018-10-29 09:07:06 ERROR Hobby:157 - Wrong input format of friends false java.util.InputMismatchException
2018-10-29 09:07:06 ERROR Hobby:157 - Wrong input format of friends false java.util.InputMismatchException
2018-10-29 09:08:27 ERROR Hobby:157 - Wrong input format of friends false java.util.InputMismatchException
2018-10-29 09:09:44 ERROR Hobby:147 - Wrong input format of moneyEarn 0.0 java.util.InputMismatchException
2018-10-29 09:09:45 ERROR Hobby:163 - Wrong input format of lazyMonths 0 java.util.InputMismatchException
2018-10-29 09:09:46 ERROR Hobby:179 - Wrong input format of friends false java.util.InputMismatchException
2018-10-29 09:44:49 ERROR Hobby:60 - Wrong input format of hours 0 java.util.InputMismatchException
2018-10-29 09:44:49 ERROR Hobby:76 - Wrong input format of day 0 java.util.InputMismatchException
2018-10-29 09:44:50 ERROR Hobby:92 - Wrong input format of interval 0 java.util.InputMismatchException
2018-10-29 09:44:52 ERROR Hobby:172 - Wrong input format of friends false java.util.InputMismatchException
2018-10-29 10:08:18 ERROR Hobby:60 - Wrong input format of hours 0 java.util.InputMismatchException
2018-10-29 10:08:18 ERROR Hobby:76 - Wrong input format of day 0 java.util.InputMismatchException
2018-10-29 10:08:18 ERROR Hobby:92 - Wrong input format of interval 0 java.util.InputMismatchException
2018-10-29 10:08:21 ERROR Hobby:172 - Wrong input format of friends false java.util.InputMismatchException
2018-10-29 10:08:32 ERROR Hobby:172 - Wrong input format of friends false java.util.InputMismatchException
2018-10-29 10:15:30 ERROR Hobby:172 - Wrong input format of friends false java.util.InputMismatchException
2018-10-29 10:15:35 ERROR Hobby:172 - Wrong input format of friends false java.util.InputMismatchException
2018-10-29 11:29:10 ERROR Hobby:124 - Wrong input format of moneySpend 0.0 java.util.InputMismatchException
2018-10-29 11:29:41 ERROR Hobby:172 - Wrong input format of friends false java.util.InputMismatchException
